<?xml version="1.0" encoding="UTF-8"?>
<!-- Generated by org.testng.reporters.JUnitReportReporter -->
<testsuite skipped="0" hostname="DESKTOP-V5FJPD9" name="dataProvidersPractice.dataProvidersPractice.TestNgLogin" tests="2" failures="0" timestamp="02 Aug 2019 07:34:31 GMT" time="29.614" errors="0">
  <testcase name="login" time="14.178" classname="dataProvidersPractice.dataProvidersPractice.TestNgLogin"/>
  <testcase name="Loginpage" time="15.436" classname="dataProvidersPractice.dataProvidersPractice.TestNgLogin"/>
</testsuite> <!-- dataProvidersPractice.dataProvidersPractice.TestNgLogin -->
